/vagrant/rexpro/ext/rexpro/message.zep.c:670:78: warning: unknown escape sequence '\D'
/vagrant/rexpro/ext/rexpro/message.zep.c:670:78: warning: unknown escape sequence '\M'
/vagrant/rexpro/ext/rexpro/message.zep.c:670:78: warning: unknown escape sequence '\B'
/vagrant/rexpro/ext/rexpro/message.zep.c:670:78: warning: unknown escape sequence '\R'
/vagrant/rexpro/ext/rexpro/message.zep.c:670:78: warning: unknown escape sequence '\S'
/vagrant/rexpro/ext/rexpro/message.zep.c:670:78: warning: unknown escape sequence '\D'
/vagrant/rexpro/ext/rexpro/message.zep.c:670:78: warning: unknown escape sequence '\M'
/vagrant/rexpro/ext/rexpro/message.zep.c:670:78: warning: unknown escape sequence '\B'
/vagrant/rexpro/ext/rexpro/message.zep.c:670:78: warning: unknown escape sequence '\R'
/vagrant/rexpro/ext/rexpro/message.zep.c:670:78: warning: unknown escape sequence '\S'
/vagrant/rexpro/ext/rexpro/message.zep.c:671:79: warning: unknown escape sequence '\D'
/vagrant/rexpro/ext/rexpro/message.zep.c:671:79: warning: unknown escape sequence '\M'
/vagrant/rexpro/ext/rexpro/message.zep.c:671:79: warning: unknown escape sequence '\B'
/vagrant/rexpro/ext/rexpro/message.zep.c:671:79: warning: unknown escape sequence '\R'
/vagrant/rexpro/ext/rexpro/message.zep.c:671:79: warning: unknown escape sequence '\S'
/vagrant/rexpro/ext/rexpro/message.zep.c:671:79: warning: unknown escape sequence '\D'
/vagrant/rexpro/ext/rexpro/message.zep.c:671:79: warning: unknown escape sequence '\M'
/vagrant/rexpro/ext/rexpro/message.zep.c:671:79: warning: unknown escape sequence '\B'
/vagrant/rexpro/ext/rexpro/message.zep.c:671:79: warning: unknown escape sequence '\R'
/vagrant/rexpro/ext/rexpro/message.zep.c:671:79: warning: unknown escape sequence '\S'
/vagrant/rexpro/ext/rexpro/message.zep.c:672:77: warning: unknown escape sequence '\D'
/vagrant/rexpro/ext/rexpro/message.zep.c:672:77: warning: unknown escape sequence '\M'
/vagrant/rexpro/ext/rexpro/message.zep.c:672:77: warning: unknown escape sequence '\B'
/vagrant/rexpro/ext/rexpro/message.zep.c:672:77: warning: unknown escape sequence '\R'
/vagrant/rexpro/ext/rexpro/message.zep.c:672:77: warning: unknown escape sequence '\S'
/vagrant/rexpro/ext/rexpro/message.zep.c:672:77: warning: unknown escape sequence '\D'
/vagrant/rexpro/ext/rexpro/message.zep.c:672:77: warning: unknown escape sequence '\M'
/vagrant/rexpro/ext/rexpro/message.zep.c:672:77: warning: unknown escape sequence '\B'
/vagrant/rexpro/ext/rexpro/message.zep.c:672:77: warning: unknown escape sequence '\R'
/vagrant/rexpro/ext/rexpro/message.zep.c:672:77: warning: unknown escape sequence '\S'
/vagrant/rexpro/ext/rexpro/message.zep.c:673:78: warning: unknown escape sequence '\D'
/vagrant/rexpro/ext/rexpro/message.zep.c:673:78: warning: unknown escape sequence '\M'
/vagrant/rexpro/ext/rexpro/message.zep.c:673:78: warning: unknown escape sequence '\B'
/vagrant/rexpro/ext/rexpro/message.zep.c:673:78: warning: unknown escape sequence '\R'
/vagrant/rexpro/ext/rexpro/message.zep.c:673:78: warning: unknown escape sequence '\S'
/vagrant/rexpro/ext/rexpro/message.zep.c:673:78: warning: unknown escape sequence '\D'
/vagrant/rexpro/ext/rexpro/message.zep.c:673:78: warning: unknown escape sequence '\M'
/vagrant/rexpro/ext/rexpro/message.zep.c:673:78: warning: unknown escape sequence '\B'
/vagrant/rexpro/ext/rexpro/message.zep.c:673:78: warning: unknown escape sequence '\R'
/vagrant/rexpro/ext/rexpro/message.zep.c:673:78: warning: unknown escape sequence '\S'
/vagrant/rexpro/ext/rexpro/message.zep.c:674:77: warning: unknown escape sequence '\D'
/vagrant/rexpro/ext/rexpro/message.zep.c:674:77: warning: unknown escape sequence '\M'
/vagrant/rexpro/ext/rexpro/message.zep.c:674:77: warning: unknown escape sequence '\B'
/vagrant/rexpro/ext/rexpro/message.zep.c:674:77: warning: unknown escape sequence '\R'
/vagrant/rexpro/ext/rexpro/message.zep.c:674:77: warning: unknown escape sequence '\D'
/vagrant/rexpro/ext/rexpro/message.zep.c:674:77: warning: unknown escape sequence '\M'
/vagrant/rexpro/ext/rexpro/message.zep.c:674:77: warning: unknown escape sequence '\B'
/vagrant/rexpro/ext/rexpro/message.zep.c:674:77: warning: unknown escape sequence '\R'
